
2017-05-10 03:15:14.325 [main] INFO  facebook.Main - inicializando app
2017-05-10 03:16:44.064 [main] INFO  facebook.Main - inicializando app
2017-05-10 03:19:01.676 [main] INFO  facebook.Main - inicializando app
2017-05-10 03:21:22.830 [main] INFO  facebook.Main - inicializando app
2017-05-10 03:32:55.230 [main] INFO  facebook.Main - inicializando app
2017-05-10 03:36:57.824 [main] INFO  facebook.Main - inicializando app
2017-05-10 03:37:52.250 [main] INFO  facebook.Main - inicializando app
2017-05-10 03:38:55.880 [main] INFO  facebook.Main - inicializando app
2017-05-10 03:39:55.805 [main] INFO  facebook.Main - inicializando app
2017-05-10 03:40:45.799 [main] INFO  facebook.Main - inicializando app
2017-05-10 03:42:26.230 [main] INFO  facebook.Main - inicializando app
2017-05-10 03:43:31.284 [main] INFO  facebook.Main - inicializando app
2017-05-10 03:48:06.808 [main] INFO  facebook.Main - inicializando app
2017-05-10 03:48:38.274 [main] INFO  facebook.Main - inicializando app
2017-05-10 03:59:38.880 [main] INFO  facebook.Main - inicializando app
2017-05-10 04:00:47.750 [main] INFO  facebook.Main - inicializando app
2017-05-10 04:01:48.295 [main] INFO  facebook.Main - inicializando app
2017-05-10 04:03:16.773 [main] INFO  facebook.Main - inicializando app
2017-05-10 04:04:23.133 [main] INFO  facebook.Main - inicializando app
2017-05-10 04:06:30.409 [main] INFO  facebook.Main - inicializando app
2017-05-10 04:11:54.079 [main] INFO  facebook.Main - inicializando app
2017-05-10 04:12:41.495 [main] INFO  facebook.Main - inicializando app
2017-05-10 04:15:18.125 [main] INFO  facebook.Main - inicializando app
2017-05-10 05:15:06.349 [main] INFO  facebook.Main - inicializando app
2017-05-10 05:16:14.797 [main] INFO  facebook.Main - inicializando app
2017-05-10 05:30:02.316 [main] INFO  facebook.Main - inicializando app
2017-05-10 05:31:07.261 [main] INFO  facebook.Main - inicializando app
2017-05-10 05:39:41.203 [main] INFO  facebook.Main - inicializando app
2017-05-10 05:39:59.512 [main] INFO  facebook.Main - inicializando app
2017-05-10 05:43:01.097 [main] INFO  facebook.Main - inicializando app
2017-05-10 05:44:27.571 [main] INFO  facebook.Main - inicializando app
2017-05-10 05:45:27.108 [main] INFO  facebook.Main - inicializando app
2017-05-10 05:46:18.874 [main] INFO  facebook.Main - inicializando app
2017-05-10 05:47:10.934 [main] INFO  facebook.Main - inicializando app
2017-05-10 05:47:49.240 [main] INFO  facebook.Main - inicializando app
2017-05-10 05:48:22.210 [main] INFO  facebook.Main - inicializando app
2017-05-10 05:50:36.535 [main] INFO  facebook.Main - inicializando app
2017-05-10 05:52:50.949 [main] INFO  facebook.Main - inicializando app
2017-05-10 05:54:08.302 [main] INFO  facebook.Main - inicializando app
2017-05-10 05:54:56.263 [main] INFO  facebook.Main - inicializando app
2017-05-10 06:02:15.378 [main] INFO  facebook.Main - inicializando app
2017-05-10 06:02:40.415 [main] INFO  facebook.Main - inicializando app
2017-05-10 06:03:04.088 [main] INFO  facebook.Main - inicializando app
2017-05-10 06:03:20.914 [main] INFO  facebook.Main - inicializando app
2017-05-10 06:03:45.157 [main] INFO  facebook.Main - inicializando app
2017-05-10 06:04:15.734 [main] INFO  facebook.Main - inicializando app
2017-05-10 06:05:43.183 [main] INFO  facebook.Main - inicializando app
2017-05-10 06:06:06.408 [main] INFO  facebook.Main - inicializando app
2017-05-10 06:06:28.146 [main] INFO  facebook.Main - inicializando app
2017-05-10 06:09:31.764 [main] INFO  facebook.Main - inicializando app
2017-05-10 06:12:37.613 [main] INFO  facebook.Main - inicializando app
2017-05-10 06:13:29.236 [main] INFO  facebook.Main - inicializando app
2017-05-10 06:14:58.292 [main] INFO  facebook.Main - inicializando app
2017-05-10 06:15:22.594 [main] INFO  facebook.Main - inicializando app
2017-05-10 06:17:31.447 [main] INFO  facebook.Main - inicializando app
2017-05-10 16:00:57.072 [main] INFO  facebook.Main - inicializando app
2017-05-10 16:06:03.466 [main] INFO  facebook.Main - inicializando app
2017-05-10 16:07:32.532 [main] INFO  facebook.Main - inicializando app
2017-05-10 16:08:52.292 [main] INFO  facebook.Main - inicializando app
2017-05-10 16:13:22.674 [main] INFO  facebook.Main - inicializando app
2017-05-10 16:17:45.023 [main] INFO  facebook.Main - inicializando app
2017-05-10 16:19:46.800 [main] INFO  facebook.Main - inicializando app
2017-05-10 16:22:19.709 [main] INFO  facebook.Main - inicializando app
2017-05-10 16:24:44.935 [main] INFO  facebook.Main - inicializando app
2017-05-10 16:25:16.732 [main] INFO  facebook.Main - inicializando app
2017-05-10 16:26:45.754 [main] INFO  facebook.Main - inicializando app
2017-05-10 16:27:23.200 [main] INFO  facebook.Main - inicializando app
2017-05-10 16:28:35.573 [main] INFO  facebook.Main - inicializando app
2017-05-10 16:33:39.615 [main] INFO  facebook.Main - inicializando app
2017-05-10 16:33:59.184 [main] INFO  facebook.Main - inicializando app
2017-05-10 16:57:47.216 [main] INFO  facebook.Main - inicializando app
2017-05-10 17:00:56.408 [main] INFO  facebook.Main - inicializando app
2017-05-10 17:37:47.908 [main] INFO  facebook.Main - inicializando app
2017-05-10 17:37:53.193 [main] INFO  facebook.Main - Elección Mostrar NewsFeed.
2017-05-10 17:37:54.037 [main] INFO  facebook.Main - Se desplegó el newsfeed.
2017-05-10 17:37:59.972 [main] INFO  facebook.Main - Elección Mostrar Muro.
2017-05-10 17:38:00.640 [main] INFO  facebook.Main - Se despliegó el muro.
2017-05-10 17:38:04.236 [main] INFO  facebook.Main - Elección Publicar Estado o Link
2017-05-10 17:38:07.568 [main] INFO  facebook.Main - Elección Publicar Estado.
2017-05-10 17:38:13.320 [main] INFO  facebook.Main - Publicación Subida
2017-05-10 17:38:20.030 [main] INFO  facebook.Main - Elección Publicar Estado o Link
2017-05-10 17:38:22.054 [main] INFO  facebook.Main - Elección Publicar Link
2017-05-10 17:38:41.797 [main] INFO  facebook.Main - Link Publicado
2017-05-10 17:45:54.144 [main] INFO  facebook.Main - inicializando app
2017-05-10 17:47:14.866 [main] INFO  facebook.Main - Elección Mostrar Log
2017-05-10 18:47:14.974 [main] INFO  facebook.Main - inicializando app
2017-05-10 18:47:22.455 [main] INFO  facebook.Main - Elección modificación de parámetros
2017-05-10 18:47:28.364 [main] INFO  facebook.Main - inicializando app
2017-05-10 18:47:30.518 [main] INFO  facebook.Main - Elección Mostrar Muro.
2017-05-10 18:47:38.209 [main] INFO  facebook.Main - inicializando app
2017-05-10 18:47:41.165 [main] INFO  facebook.Main - Elección modificación de parámetros
2017-05-10 18:47:42.806 [main] INFO  facebook.Main - Elección Modificar Access Token
2017-05-10 18:47:47.260 [main] INFO  facebook.Main - Elección Mostrar Muro.
2017-05-10 18:47:49.919 [main] INFO  facebook.Main - Se despliegó el muro.
2017-05-10 18:58:31.773 [main] INFO  facebook.Main - inicializando app
2017-05-10 18:58:34.353 [main] INFO  facebook.Main - Elección Mostrar Log
2017-05-10 19:24:33.749 [main] INFO  facebook.Main - inicializando app
2017-05-10 19:24:37.097 [main] INFO  facebook.Main - Elección Mostrar Parámetros Actuales
2017-05-10 19:27:25.476 [main] INFO  facebook.Main - inicializando app
2017-05-10 19:27:39.476 [main] INFO  facebook.Main - Elección Mostrar Parámetros Actuales
2017-05-10 20:34:05.645 [main] INFO  facebook.Main - inicializando app
2017-05-10 20:34:52.169 [main] INFO  facebook.Main - Elección Mostrar NewsFeed.
2017-05-10 20:35:02.990 [main] INFO  facebook.Main - Se desplegó el newsfeed.
